
==================================================
🍕 FRIZZLY API - Local Test Server
==================================================

📍 Server running at: http://localhost:8080

📚 Available endpoints:
   GET  http://localhost:8080/
   GET  http://localhost:8080/api/health
   GET  http://localhost:8080/api/products

⚠️  Protected endpoints require Authorization header

🛑 Press CTRL+C to stop

 * Serving Flask app 'flask_app'
 * Debug mode: on
/home/oo33/.local/lib/python3.8/site-packages/google/auth/__init__.py:52: FutureWarning: You are using a Python version 3.8 past its end of life. Google will update google-auth with critical bug fixes on a best-effort basis, but not with any other fixes or features. Please upgrade your Python version, and then update google-auth.
  warnings.warn(eol_message.format("3.8"), FutureWarning)
/home/oo33/.local/lib/python3.8/site-packages/google/oauth2/__init__.py:38: FutureWarning: You are using a Python version 3.8 past its end of life. Google will update google-auth with critical bug fixes on a best-effort basis, but not with any other fixes or features. Please upgrade your Python version, and then update google-auth.
  warnings.warn(eol_message.format("3.8"), FutureWarning)
/home/oo33/.local/lib/python3.8/site-packages/google/api_core/_python_version_support.py:246: FutureWarning: You are using a non-supported Python version (3.8.10). Google will not post any further updates to google.api_core supporting this Python version. Please upgrade to the latest Python version, or at least Python 3.10, and then update google.api_core.
  warnings.warn(message, FutureWarning)
WARNING: This is a development server. Do not use it in a production deployment. Use a production WSGI server instead.
 * Running on all addresses (0.0.0.0)
 * Running on http://127.0.0.1:8080
 * Running on http://192.168.1.3:8080
Press CTRL+C to quit
 * Restarting with stat
/home/oo33/.local/lib/python3.8/site-packages/google/auth/__init__.py:52: FutureWarning: You are using a Python version 3.8 past its end of life. Google will update google-auth with critical bug fixes on a best-effort basis, but not with any other fixes or features. Please upgrade your Python version, and then update google-auth.
  warnings.warn(eol_message.format("3.8"), FutureWarning)
/home/oo33/.local/lib/python3.8/site-packages/google/oauth2/__init__.py:38: FutureWarning: You are using a Python version 3.8 past its end of life. Google will update google-auth with critical bug fixes on a best-effort basis, but not with any other fixes or features. Please upgrade your Python version, and then update google-auth.
  warnings.warn(eol_message.format("3.8"), FutureWarning)
/home/oo33/.local/lib/python3.8/site-packages/google/api_core/_python_version_support.py:246: FutureWarning: You are using a non-supported Python version (3.8.10). Google will not post any further updates to google.api_core supporting this Python version. Please upgrade to the latest Python version, or at least Python 3.10, and then update google.api_core.
  warnings.warn(message, FutureWarning)
 * Debugger is active!
 * Debugger PIN: 589-089-795
127.0.0.1 - - [20/Feb/2026 21:14:54] "GET / HTTP/1.1" 200 -
127.0.0.1 - - [20/Feb/2026 21:15:00] "GET / HTTP/1.1" 200 -
127.0.0.1 - - [20/Feb/2026 21:15:00] "GET /api/health HTTP/1.1" 200 -
/home/oo33/.local/lib/python3.8/site-packages/google/cloud/firestore_v1/base_collection.py:316: UserWarning: Detected filter using positional arguments. Prefer using the 'filter' keyword argument instead.
  return query.where(field_path, op_string, value)
127.0.0.1 - - [20/Feb/2026 21:15:01] "GET /api/products HTTP/1.1" 200 -
127.0.0.1 - - [20/Feb/2026 21:15:01] "GET /api/orders HTTP/1.1" 401 -
127.0.0.1 - - [20/Feb/2026 21:16:36] "GET / HTTP/1.1" 200 -
127.0.0.1 - - [20/Feb/2026 21:16:37] "GET /api/health HTTP/1.1" 200 -
127.0.0.1 - - [20/Feb/2026 21:16:37] "GET /api/products HTTP/1.1" 200 -
127.0.0.1 - - [20/Feb/2026 21:16:37] "GET /api/orders HTTP/1.1" 401 -
127.0.0.1 - - [20/Feb/2026 21:17:49] "GET /api/orders HTTP/1.1" 401 -
127.0.0.1 - - [20/Feb/2026 21:17:49] "GET /favicon.ico HTTP/1.1" 404 -
 * Detected change in '/home/oo33/AndroidStudioProjects/API_FRIZZLY/flask_app.py', reloading

==================================================
🍕 FRIZZLY API - Local Test Server
==================================================

📍 Server running at: http://localhost:8080

📚 Available endpoints:
   GET  http://localhost:8080/
   GET  http://localhost:8080/api/health
   GET  http://localhost:8080/api/products

⚠️  Protected endpoints require Authorization header

🛑 Press CTRL+C to stop

WARNING: All log messages before absl::InitializeLog() is called are written to STDERR
E0000 00:00:1771619525.082816   29339 init.cc:232] grpc_wait_for_shutdown_with_timeout() timed out.
 * Restarting with stat
/home/oo33/.local/lib/python3.8/site-packages/google/auth/__init__.py:52: FutureWarning: You are using a Python version 3.8 past its end of life. Google will update google-auth with critical bug fixes on a best-effort basis, but not with any other fixes or features. Please upgrade your Python version, and then update google-auth.
  warnings.warn(eol_message.format("3.8"), FutureWarning)
/home/oo33/.local/lib/python3.8/site-packages/google/oauth2/__init__.py:38: FutureWarning: You are using a Python version 3.8 past its end of life. Google will update google-auth with critical bug fixes on a best-effort basis, but not with any other fixes or features. Please upgrade your Python version, and then update google-auth.
  warnings.warn(eol_message.format("3.8"), FutureWarning)
/home/oo33/.local/lib/python3.8/site-packages/google/api_core/_python_version_support.py:246: FutureWarning: You are using a non-supported Python version (3.8.10). Google will not post any further updates to google.api_core supporting this Python version. Please upgrade to the latest Python version, or at least Python 3.10, and then update google.api_core.
  warnings.warn(message, FutureWarning)
 * Debugger is active!
 * Debugger PIN: 589-089-795
 * Detected change in '/home/oo33/AndroidStudioProjects/API_FRIZZLY/flask_app.py', reloading

==================================================
🍕 FRIZZLY API - Local Test Server
==================================================

📍 Server running at: http://localhost:8080

📚 Available endpoints:
   GET  http://localhost:8080/
   GET  http://localhost:8080/api/health
   GET  http://localhost:8080/api/products

⚠️  Protected endpoints require Authorization header

🛑 Press CTRL+C to stop

 * Restarting with stat
/home/oo33/.local/lib/python3.8/site-packages/google/auth/__init__.py:52: FutureWarning: You are using a Python version 3.8 past its end of life. Google will update google-auth with critical bug fixes on a best-effort basis, but not with any other fixes or features. Please upgrade your Python version, and then update google-auth.
  warnings.warn(eol_message.format("3.8"), FutureWarning)
/home/oo33/.local/lib/python3.8/site-packages/google/oauth2/__init__.py:38: FutureWarning: You are using a Python version 3.8 past its end of life. Google will update google-auth with critical bug fixes on a best-effort basis, but not with any other fixes or features. Please upgrade your Python version, and then update google-auth.
  warnings.warn(eol_message.format("3.8"), FutureWarning)
/home/oo33/.local/lib/python3.8/site-packages/google/api_core/_python_version_support.py:246: FutureWarning: You are using a non-supported Python version (3.8.10). Google will not post any further updates to google.api_core supporting this Python version. Please upgrade to the latest Python version, or at least Python 3.10, and then update google.api_core.
  warnings.warn(message, FutureWarning)
 * Debugger is active!
 * Debugger PIN: 589-089-795
127.0.0.1 - - [20/Feb/2026 21:39:03] "GET /api/orders HTTP/1.1" 401 -
 * Detected change in '/home/oo33/AndroidStudioProjects/API_FRIZZLY/flask_app.py', reloading

==================================================
🍕 FRIZZLY API - Local Test Server
==================================================

📍 Server running at: http://localhost:8080

📚 Available endpoints:
   GET  http://localhost:8080/
   GET  http://localhost:8080/api/health
   GET  http://localhost:8080/api/products

⚠️  Protected endpoints require Authorization header

🛑 Press CTRL+C to stop

 * Restarting with stat
/home/oo33/.local/lib/python3.8/site-packages/google/auth/__init__.py:52: FutureWarning: You are using a Python version 3.8 past its end of life. Google will update google-auth with critical bug fixes on a best-effort basis, but not with any other fixes or features. Please upgrade your Python version, and then update google-auth.
  warnings.warn(eol_message.format("3.8"), FutureWarning)
/home/oo33/.local/lib/python3.8/site-packages/google/oauth2/__init__.py:38: FutureWarning: You are using a Python version 3.8 past its end of life. Google will update google-auth with critical bug fixes on a best-effort basis, but not with any other fixes or features. Please upgrade your Python version, and then update google-auth.
  warnings.warn(eol_message.format("3.8"), FutureWarning)
/home/oo33/.local/lib/python3.8/site-packages/google/api_core/_python_version_support.py:246: FutureWarning: You are using a non-supported Python version (3.8.10). Google will not post any further updates to google.api_core supporting this Python version. Please upgrade to the latest Python version, or at least Python 3.10, and then update google.api_core.
  warnings.warn(message, FutureWarning)
 * Debugger is active!
 * Debugger PIN: 589-089-795
 * Detected change in '/home/oo33/AndroidStudioProjects/API_FRIZZLY/flask_app.py', reloading

==================================================
🍕 FRIZZLY API - Local Test Server
==================================================

📍 Server running at: http://localhost:8080

📚 Available endpoints:
   GET  http://localhost:8080/
   GET  http://localhost:8080/api/health
   GET  http://localhost:8080/api/products

⚠️  Protected endpoints require Authorization header

🛑 Press CTRL+C to stop

 * Restarting with stat
/home/oo33/.local/lib/python3.8/site-packages/google/auth/__init__.py:52: FutureWarning: You are using a Python version 3.8 past its end of life. Google will update google-auth with critical bug fixes on a best-effort basis, but not with any other fixes or features. Please upgrade your Python version, and then update google-auth.
  warnings.warn(eol_message.format("3.8"), FutureWarning)
/home/oo33/.local/lib/python3.8/site-packages/google/oauth2/__init__.py:38: FutureWarning: You are using a Python version 3.8 past its end of life. Google will update google-auth with critical bug fixes on a best-effort basis, but not with any other fixes or features. Please upgrade your Python version, and then update google-auth.
  warnings.warn(eol_message.format("3.8"), FutureWarning)
/home/oo33/.local/lib/python3.8/site-packages/google/api_core/_python_version_support.py:246: FutureWarning: You are using a non-supported Python version (3.8.10). Google will not post any further updates to google.api_core supporting this Python version. Please upgrade to the latest Python version, or at least Python 3.10, and then update google.api_core.
  warnings.warn(message, FutureWarning)
 * Debugger is active!
 * Debugger PIN: 589-089-795
 * Detected change in '/home/oo33/AndroidStudioProjects/API_FRIZZLY/flask_app.py', reloading

==================================================
🍕 FRIZZLY API - Local Test Server
==================================================

📍 Server running at: http://localhost:8080

📚 Available endpoints:
   GET  http://localhost:8080/
   GET  http://localhost:8080/api/health
   GET  http://localhost:8080/api/products

⚠️  Protected endpoints require Authorization header

🛑 Press CTRL+C to stop

 * Restarting with stat
/home/oo33/.local/lib/python3.8/site-packages/google/auth/__init__.py:52: FutureWarning: You are using a Python version 3.8 past its end of life. Google will update google-auth with critical bug fixes on a best-effort basis, but not with any other fixes or features. Please upgrade your Python version, and then update google-auth.
  warnings.warn(eol_message.format("3.8"), FutureWarning)
/home/oo33/.local/lib/python3.8/site-packages/google/oauth2/__init__.py:38: FutureWarning: You are using a Python version 3.8 past its end of life. Google will update google-auth with critical bug fixes on a best-effort basis, but not with any other fixes or features. Please upgrade your Python version, and then update google-auth.
  warnings.warn(eol_message.format("3.8"), FutureWarning)
/home/oo33/.local/lib/python3.8/site-packages/google/api_core/_python_version_support.py:246: FutureWarning: You are using a non-supported Python version (3.8.10). Google will not post any further updates to google.api_core supporting this Python version. Please upgrade to the latest Python version, or at least Python 3.10, and then update google.api_core.
  warnings.warn(message, FutureWarning)
 * Debugger is active!
 * Debugger PIN: 589-089-795
 * Detected change in '/home/oo33/AndroidStudioProjects/API_FRIZZLY/flask_app.py', reloading

==================================================
🍕 FRIZZLY API - Local Test Server
==================================================

📍 Server running at: http://localhost:8080

📚 Available endpoints:
   GET  http://localhost:8080/
   GET  http://localhost:8080/api/health
   GET  http://localhost:8080/api/products

⚠️  Protected endpoints require Authorization header

🛑 Press CTRL+C to stop

 * Restarting with stat
/home/oo33/.local/lib/python3.8/site-packages/google/auth/__init__.py:52: FutureWarning: You are using a Python version 3.8 past its end of life. Google will update google-auth with critical bug fixes on a best-effort basis, but not with any other fixes or features. Please upgrade your Python version, and then update google-auth.
  warnings.warn(eol_message.format("3.8"), FutureWarning)
/home/oo33/.local/lib/python3.8/site-packages/google/oauth2/__init__.py:38: FutureWarning: You are using a Python version 3.8 past its end of life. Google will update google-auth with critical bug fixes on a best-effort basis, but not with any other fixes or features. Please upgrade your Python version, and then update google-auth.
  warnings.warn(eol_message.format("3.8"), FutureWarning)
/home/oo33/.local/lib/python3.8/site-packages/google/api_core/_python_version_support.py:246: FutureWarning: You are using a non-supported Python version (3.8.10). Google will not post any further updates to google.api_core supporting this Python version. Please upgrade to the latest Python version, or at least Python 3.10, and then update google.api_core.
  warnings.warn(message, FutureWarning)
 * Debugger is active!
 * Debugger PIN: 589-089-795
127.0.0.1 - - [20/Feb/2026 22:25:30] "GET /api/orders HTTP/1.1" 401 -
127.0.0.1 - - [20/Feb/2026 22:25:30] "GET /favicon.ico HTTP/1.1" 404 -
127.0.0.1 - - [20/Feb/2026 22:25:31] "GET /api/orders HTTP/1.1" 401 -
127.0.0.1 - - [20/Feb/2026 22:25:31] "GET /api/orders HTTP/1.1" 401 -
127.0.0.1 - - [20/Feb/2026 22:25:31] "GET /api/orders HTTP/1.1" 401 -
 * Detected change in '/home/oo33/AndroidStudioProjects/API_FRIZZLY/flask_app.py', reloading

==================================================
🍕 FRIZZLY API - Local Test Server
==================================================

📍 Server running at: http://localhost:8080

📚 Available endpoints:
   GET  http://localhost:8080/
   GET  http://localhost:8080/api/health
   GET  http://localhost:8080/api/products

⚠️  Protected endpoints require Authorization header

🛑 Press CTRL+C to stop

 * Restarting with stat
/home/oo33/.local/lib/python3.8/site-packages/google/auth/__init__.py:52: FutureWarning: You are using a Python version 3.8 past its end of life. Google will update google-auth with critical bug fixes on a best-effort basis, but not with any other fixes or features. Please upgrade your Python version, and then update google-auth.
  warnings.warn(eol_message.format("3.8"), FutureWarning)
/home/oo33/.local/lib/python3.8/site-packages/google/oauth2/__init__.py:38: FutureWarning: You are using a Python version 3.8 past its end of life. Google will update google-auth with critical bug fixes on a best-effort basis, but not with any other fixes or features. Please upgrade your Python version, and then update google-auth.
  warnings.warn(eol_message.format("3.8"), FutureWarning)
/home/oo33/.local/lib/python3.8/site-packages/google/api_core/_python_version_support.py:246: FutureWarning: You are using a non-supported Python version (3.8.10). Google will not post any further updates to google.api_core supporting this Python version. Please upgrade to the latest Python version, or at least Python 3.10, and then update google.api_core.
  warnings.warn(message, FutureWarning)
Traceback (most recent call last):
  File "/home/oo33/AndroidStudioProjects/API_FRIZZLY/run_local.py", line 6, in <module>
    from flask_app import app
  File "/home/oo33/AndroidStudioProjects/API_FRIZZLY/flask_app.py", line 39, in <module>
    db = init_firebase()
  File "/home/oo33/AndroidStudioProjects/API_FRIZZLY/flask_app.py", line 35, in init_firebase
    raise ValueError("No Firebase credentials found. Set FIREBASE_SERVICE_ACCOUNT_BASE64 env variable or provide serviceAccountKey.json")
ValueError: No Firebase credentials found. Set FIREBASE_SERVICE_ACCOUNT_BASE64 env variable or provide serviceAccountKey.json
